0 info it worked if it ends with ok
1 verbose cli [ 'node',
1 verbose cli   '/Users/Tyler.Hoersch/.node/bin/npm',
1 verbose cli   'version',
1 verbose cli   'patch' ]
2 info using npm@2.13.0
3 info using node@v0.10.26
4 info git [ 'status', '--porcelain' ]
5 verbose stack Error: Git working directory not clean.
5 verbose stack M package.json
5 verbose stack     at /Users/Tyler.Hoersch/.node/lib/node_modules/npm/lib/version.js:171:21
5 verbose stack     at ChildProcess.exithandler (child_process.js:635:7)
5 verbose stack     at ChildProcess.EventEmitter.emit (events.js:98:17)
5 verbose stack     at maybeClose (child_process.js:743:16)
5 verbose stack     at Socket.<anonymous> (child_process.js:956:11)
5 verbose stack     at Socket.EventEmitter.emit (events.js:95:17)
5 verbose stack     at Pipe.close (net.js:465:12)
6 verbose cwd /Users/Tyler.Hoersch/Documents/hubot-java-repl
7 error Darwin 14.4.0
8 error argv "node" "/Users/Tyler.Hoersch/.node/bin/npm" "version" "patch"
9 error node v0.10.26
10 error npm  v2.13.0
11 error Git working directory not clean.
11 error M package.json
12 error If you need help, you may report this error at:
12 error     <https://github.com/npm/npm/issues>
13 verbose exit [ 1, true ]
